<?xml version="1.0" encoding="UTF-8" ?>
<testsuite errors="1" failures="7" hostname="bn18-11.dcs.mcnc.org" name="edu.ncsu.csc216.bug_tracker.tracker.BugListTest" skipped="0" tests="9" time="0.477" timestamp="2017-02-10T19:58:21">
  <properties>
[...]
</properties>
  <testcase classname="edu.ncsu.csc216.bug_tracker.tracker.BugListTest" name="testInvalidResolution" time="0.001">
    <failure message="expected:&lt;null&gt; but was:&lt;edu.ncsu.csc216.bug_tracker.tracker.BugList@2663e964&gt;" type="junit.framework.AssertionFailedError">junit.framework.AssertionFailedError: expected:&lt;null&gt; but was:&lt;edu.ncsu.csc216.bug_tracker.tracker.BugList@2663e964&gt;
	at edu.ncsu.csc216.bug_tracker.tracker.BugListTest.testInvalidResolution(BugListTest.java:349)
</failure>
  </testcase>
  <testcase classname="edu.ncsu.csc216.bug_tracker.tracker.BugListTest" name="testAddXMLBugs" time="0.299">
    <failure message="expected:&lt;repor[3]ter&gt; but was:&lt;repor[]ter&gt;" type="junit.framework.AssertionFailedError">junit.framework.AssertionFailedError: expected:&lt;repor[3]ter&gt; but was:&lt;repor[]ter&gt;
	at edu.ncsu.csc216.bug_tracker.tracker.BugListTest.testAddXMLBugs(BugListTest.java:99)
</failure>
  </testcase>
  <testcase classname="edu.ncsu.csc216.bug_tracker.tracker.BugListTest" name="testExecuteCommand" time="0.043">
    <failure message="expected:&lt;ow[3]ner&gt; but was:&lt;ow[]ner&gt;" type="junit.framework.AssertionFailedError">junit.framework.AssertionFailedError: expected:&lt;ow[3]ner&gt; but was:&lt;ow[]ner&gt;
	at edu.ncsu.csc216.bug_tracker.tracker.BugListTest.testExecuteCommand(BugListTest.java:256)
</failure>
  </testcase>
  <testcase classname="edu.ncsu.csc216.bug_tracker.tracker.BugListTest" name="testEmptyList" time="0.005">
    <error type="java.lang.NullPointerException">java.lang.NullPointerException
	at edu.ncsu.csc216.bug_tracker.tracker.BugListTest.testEmptyList(BugListTest.java:332)
</error>
  </testcase>
  <testcase classname="edu.ncsu.csc216.bug_tracker.tracker.BugListTest" name="testBugList" time="0.001">
    <failure message="expected:&lt;1&gt; but was:&lt;0&gt;" type="junit.framework.AssertionFailedError">junit.framework.AssertionFailedError: expected:&lt;1&gt; but was:&lt;0&gt;
	at edu.ncsu.csc216.bug_tracker.tracker.BugListTest.testBugList(BugListTest.java:52)
</failure>
  </testcase>
  <testcase classname="edu.ncsu.csc216.bug_tracker.tracker.BugListTest" name="testGetBugsByOwner" time="0.035">
    <failure message="expected:&lt;5&gt; but was:&lt;4&gt;" type="junit.framework.AssertionFailedError">junit.framework.AssertionFailedError: expected:&lt;5&gt; but was:&lt;4&gt;
	at edu.ncsu.csc216.bug_tracker.tracker.BugListTest.testGetBugsByOwner(BugListTest.java:186)
</failure>
  </testcase>
  <testcase classname="edu.ncsu.csc216.bug_tracker.tracker.BugListTest" name="testGetBugById" time="0.039">
    <failure message="expected:&lt;sadf&gt; but was:&lt;null&gt;" type="junit.framework.AssertionFailedError">junit.framework.AssertionFailedError: expected:&lt;sadf&gt; but was:&lt;null&gt;
	at edu.ncsu.csc216.bug_tracker.tracker.BugListTest.testGetBugById(BugListTest.java:213)
</failure>
  </testcase>
  <testcase classname="edu.ncsu.csc216.bug_tracker.tracker.BugListTest" name="testAddBug" time="0.005">
    <failure message="expected:&lt;bu[2]g description&gt; but was:&lt;bu[]g description&gt;" type="junit.framework.AssertionFailedError">junit.framework.AssertionFailedError: expected:&lt;bu[2]g description&gt; but was:&lt;bu[]g description&gt;
	at edu.ncsu.csc216.bug_tracker.tracker.BugListTest.testAddBug(BugListTest.java:64)
</failure>
  </testcase>
  <testcase classname="edu.ncsu.csc216.bug_tracker.tracker.BugListTest" name="testDeleteBugById" time="0.028" />
  <system-out><![CDATA[]]></system-out>
  <system-err><![CDATA[]]></system-err>
</testsuite>
