<?xml version="1.0" encoding="UTF-8" ?>
<testsuite errors="1" failures="4" hostname="bn18-11.dcs.mcnc.org" name="edu.ncsu.csc216.bug_tracker.tracker.BugTrackerModelTest" skipped="0" tests="7" time="0.227" timestamp="2017-02-10T19:58:21">
  <properties>
    <property name="java.vendor" value="Oracle Corporation" />
    <property name="result.exec.file" value="/home/jenkins/workspace/toolsResearch/Project2/jacoco/exec/jacoco.exec" />
    <property name="sun.java.launcher" value="SUN_STANDARD" />
    <property name="sun.management.compiler" value="HotSpot 64-Bit Tiered Compilers" />
    <property name="os.name" value="Linux" />
    <property name="sun.boot.class.path" value="/usr/lib/jvm/java-1.8.0-openjdk-1.8.0.111-0.b15.el6_8.x86_64/jre/lib/resources.jar:/usr/lib/jvm/java-1.8.0-openjdk-1.8.0.111-0.b15.el6_8.x86_64/jre/lib/rt.jar:/usr/lib/jvm/java-1.8.0-openjdk-1.8.0.111-0.b15.el6_8.x86_64/jre/lib/sunrsasign.jar:/usr/lib/jvm/java-1.8.0-openjdk-1.8.0.111-0.b15.el6_8.x86_64/jre/lib/jsse.jar:/usr/lib/jvm/java-1.8.0-openjdk-1.8.0.111-0.b15.el6_8.x86_64/jre/lib/jce.jar:/usr/lib/jvm/java-1.8.0-openjdk-1.8.0.111-0.b15.el6_8.x86_64/jre/lib/charsets.jar:/usr/lib/jvm/java-1.8.0-openjdk-1.8.0.111-0.b15.el6_8.x86_64/jre/lib/jfr.jar:/usr/lib/jvm/java-1.8.0-openjdk-1.8.0.111-0.b15.el6_8.x86_64/jre/classes" />
    <property name="findbugs.home" value="/usr/local/findbugs" />
    <property name="java.vm.specification.vendor" value="Oracle Corporation" />
    <property name="ant.home" value="/usr/local/ant/" />
    <property name="java.runtime.version" value="1.8.0_111-b15" />
    <property name="user.name" value="jenkins" />
    <property name="user.language" value="en" />
    <property name="sun.boot.library.path" value="/usr/lib/jvm/java-1.8.0-openjdk-1.8.0.111-0.b15.el6_8.x86_64/jre/lib/amd64" />
    <property name="ant.project.default-target" value="build_student" />
    <property name="ant.project.name" value="CSC216 Build Script" />
    <property name="java.version" value="1.8.0_111" />
    <property name="user.timezone" value="" />
    <property name="bin" value="/home/jenkins/workspace/toolsResearch/Project2/bin" />
    <property name="sun.arch.data.model" value="64" />
    <property name="java.endorsed.dirs" value="/usr/lib/jvm/java-1.8.0-openjdk-1.8.0.111-0.b15.el6_8.x86_64/jre/lib/endorsed" />
    <property name="sun.cpu.isalist" value="" />
    <property name="sun.jnu.encoding" value="UTF-8" />
    <property name="file.encoding.pkg" value="sun.io" />
    <property name="file.separator" value="/" />
    <property name="java.specification.name" value="Java Platform API Specification" />
    <property name="minimum.tests.count" value="1" />
    <property name="jacoco.home" value="/usr/local/jacoco" />
    <property name="checkstyle.home" value="/usr/local/checkstyle" />
    <property name="java.class.version" value="52.0" />
    <property name="src" value="/home/jenkins/workspace/toolsResearch/Project2/src" />
    <property name="user.country" value="US" />
    <property name="java.home" value="/usr/lib/jvm/java-1.8.0-openjdk-1.8.0.111-0.b15.el6_8.x86_64/jre" />
    <property name="java.vm.info" value="mixed mode" />
    <property name="ant.file" value="/home/jenkins/workspace/toolsResearch/Project2/build.xml" />
    <property name="os.version" value="2.6.32-642.11.1.el6.x86_64" />
    <property name="result.report.dir" value="/home/jenkins/workspace/toolsResearch/Project2/site/jacoco" />
    <property name="path.separator" value=":" />
    <property name="java.vm.version" value="25.111-b15" />
    <property name="ant.library.dir" value="/usr/local/ant//lib" />
    <property name="java.awt.printerjob" value="sun.print.PSPrinterJob" />
    <property name="sun.io.unicode.encoding" value="UnicodeLittle" />
    <property name="awt.toolkit" value="sun.awt.X11.XToolkit" />
    <property name="_jacoco.agentFile" value="/tmp/jacocoagent554045335091011338.jar" />
    <property name="user.home" value="/home/jenkins" />
    <property name="java.specification.vendor" value="Oracle Corporation" />
    <property name="test" value="/home/jenkins/workspace/toolsResearch/Project2/test" />
    <property name="java.library.path" value="/usr/java/packages/lib/amd64:/usr/lib64:/lib64:/lib:/usr/lib" />
    <property name="java.vendor.url" value="http://java.oracle.com/" />
    <property name="java.vm.vendor" value="Oracle Corporation" />
    <property name="java.runtime.name" value="OpenJDK Runtime Environment" />
    <property name="sun.java.command" value="org.apache.tools.ant.taskdefs.optional.junit.JUnitTestRunner testsfile=/home/jenkins/workspace/toolsResearch/Project2/junittestcases4178750137335735396.properties skipNonTests=false filtertrace=true haltOnError=false haltOnFailure=false formatter=org.apache.tools.ant.taskdefs.optional.junit.SummaryJUnitResultFormatter showoutput=false outputtoformatters=true logfailedtests=true threadid=0 logtestlistenerevents=false formatter=org.apache.tools.ant.taskdefs.optional.junit.XMLJUnitResultFormatter,/home/jenkins/workspace/toolsResearch/Project2/test-reports/IGNORETHIS.xml crashfile=/home/jenkins/workspace/toolsResearch/Project2/junitvmwatcher6191586024041601248.properties propsfile=/home/jenkins/workspace/toolsResearch/Project2/junit5204453332884949518.properties" />
    <property name="java.class.path" value="/usr/local/jacoco/lib/jacocoagent.jar:/usr/local/jacoco/lib/jacocoant.jar:/usr/local/jacoco/lib/org.jacoco.agent-0.7.8.201612092310.jar:/usr/local/jacoco/lib/org.jacoco.ant-0.7.8.201612092310.jar:/usr/local/jacoco/lib/org.jacoco.core-0.7.8.201612092310.jar:/usr/local/jacoco/lib/org.jacoco.report-0.7.8.201612092310.jar:/home/jenkins/workspace/toolsResearch/Project2/lib/BugTrackerXML.jar:/usr/local/junit/lib/ant-junit.jar:/usr/local/junit/lib/ant-junit4.jar:/usr/local/junit/lib/junit.jar:/usr/local/junit/lib/org.hamcrest.core_1.3.0.v201303031735.jar:/home/jenkins/workspace/toolsResearch/Project2/bin:/usr/local/ant-1.9.8/lib/ant-launcher.jar:/usr/local/ant/lib/ant.jar:/usr/local/ant/lib/ant-junit.jar:/usr/local/ant/lib/ant-junit4.jar:/tmp/jacocoagent554045335091011338.jar" />
    <property name="ant.version" value="Apache Ant(TM) version 1.9.8 compiled on December 25 2016" />
    <property name="config.home" value="/usr/local/config" />
    <property name="java.vm.specification.name" value="Java Virtual Machine Specification" />
    <property name="ant.file.type" value="file" />
    <property name="java.vm.specification.version" value="1.8" />
    <property name="sun.cpu.endian" value="little" />
    <property name="sun.os.patch.level" value="unknown" />
    <property name="java.io.tmpdir" value="/tmp" />
    <property name="pmd.home" value="/usr/local/pmd" />
    <property name="java.vendor.url.bug" value="http://bugreport.sun.com/bugreport/" />
    <property name="os.arch" value="amd64" />
    <property name="java.awt.graphicsenv" value="sun.awt.X11GraphicsEnvironment" />
    <property name="java.ext.dirs" value="/usr/lib/jvm/java-1.8.0-openjdk-1.8.0.111-0.b15.el6_8.x86_64/jre/lib/ext:/usr/java/packages/lib/ext" />
    <property name="user.dir" value="/home/jenkins/workspace/toolsResearch/Project2" />
    <property name="student_tests.present" value="false" />
    <property name="line.separator" value="&#xa;" />
    <property name="java.vm.name" value="OpenJDK 64-Bit Server VM" />
    <property name="basedir" value="/home/jenkins/workspace/toolsResearch/Project2" />
    <property name="ant.java.version" value="1.8" />
    <property name="ant.file.CSC216 Build Script" value="/home/jenkins/workspace/toolsResearch/Project2/build.xml" />
    <property name="ant.file.type.CSC216 Build Script" value="file" />
    <property name="ant.core.lib" value="/usr/local/ant/lib/ant.jar" />
    <property name="file.encoding" value="UTF-8" />
    <property name="ts_test" value="/home/jenkins/workspace/toolsResearch/Project2/ts_test" />
    <property name="java.specification.version" value="1.8" />
    <property name="ant.project.invoked-targets" value="clean,build_student,unittest,findbugs,pmd,checkstyle,ts_build,ts_unittest" />
  </properties>
  <testcase classname="edu.ncsu.csc216.bug_tracker.tracker.BugTrackerModelTest" name="testExecuteCommand" time="0.001">
    <error type="java.lang.IllegalArgumentException">java.lang.IllegalArgumentException
	at edu.ncsu.csc216.bug_tracker.bug.TrackedBug.setState(TrackedBug.java:187)
	at edu.ncsu.csc216.bug_tracker.bug.TrackedBug.&lt;init&gt;(TrackedBug.java:113)
	at edu.ncsu.csc216.bug_tracker.tracker.BugTrackerModelTest.testExecuteCommand(BugTrackerModelTest.java:131)
</error>
  </testcase>
  <testcase classname="edu.ncsu.csc216.bug_tracker.tracker.BugTrackerModelTest" name="testGetBugById" time="0.036">
    <failure message="expected:&lt;rep[k]orter&gt; but was:&lt;rep[]orter&gt;" type="junit.framework.AssertionFailedError">junit.framework.AssertionFailedError: expected:&lt;rep[k]orter&gt; but was:&lt;rep[]orter&gt;
	at edu.ncsu.csc216.bug_tracker.tracker.BugTrackerModelTest.testGetBugById(BugTrackerModelTest.java:111)
</failure>
  </testcase>
  <testcase classname="edu.ncsu.csc216.bug_tracker.tracker.BugTrackerModelTest" name="testGetBugListAsArray" time="0.062" />
  <testcase classname="edu.ncsu.csc216.bug_tracker.tracker.BugTrackerModelTest" name="testLoadBugsFromFile" time="0.06">
    <failure message="expected:&lt;re[l]porter&gt; but was:&lt;re[]porter&gt;" type="junit.framework.AssertionFailedError">junit.framework.AssertionFailedError: expected:&lt;re[l]porter&gt; but was:&lt;re[]porter&gt;
	at edu.ncsu.csc216.bug_tracker.tracker.BugTrackerModelTest.testLoadBugsFromFile(BugTrackerModelTest.java:54)
</failure>
  </testcase>
  <testcase classname="edu.ncsu.csc216.bug_tracker.tracker.BugTrackerModelTest" name="testAddBugToList" time="0.0">
    <failure message="expected:&lt;Unco[a]nfirmed&gt; but was:&lt;Unco[]nfirmed&gt;" type="junit.framework.AssertionFailedError">junit.framework.AssertionFailedError: expected:&lt;Unco[a]nfirmed&gt; but was:&lt;Unco[]nfirmed&gt;
	at edu.ncsu.csc216.bug_tracker.tracker.BugTrackerModelTest.testAddBugToList(BugTrackerModelTest.java:170)
</failure>
  </testcase>
  <testcase classname="edu.ncsu.csc216.bug_tracker.tracker.BugTrackerModelTest" name="testGetBugListByOwnerAsArray" time="0.052">
    <failure message="expected:&lt;Ass[k]igned&gt; but was:&lt;Ass[]igned&gt;" type="junit.framework.AssertionFailedError">junit.framework.AssertionFailedError: expected:&lt;Ass[k]igned&gt; but was:&lt;Ass[]igned&gt;
	at edu.ncsu.csc216.bug_tracker.tracker.BugTrackerModelTest.testGetBugListByOwnerAsArray(BugTrackerModelTest.java:91)
</failure>
  </testcase>
  <testcase classname="edu.ncsu.csc216.bug_tracker.tracker.BugTrackerModelTest" name="testDeleteBugById" time="0.0" />
  <system-out><![CDATA[]]></system-out>
  <system-err><![CDATA[]]></system-err>
</testsuite>
