<?xml version="1.0" encoding="UTF-8" ?>
<testsuite errors="1" failures="4" hostname="bn18-11.dcs.mcnc.org" name="edu.ncsu.csc216.bug_tracker.tracker.BugTrackerModelTest" skipped="0" tests="7" time="0.227" timestamp="2017-02-10T19:58:21">
  <properties>
[...]
</properties>
  <testcase classname="edu.ncsu.csc216.bug_tracker.tracker.BugTrackerModelTest" name="testExecuteCommand" time="0.001">
    <error type="java.lang.IllegalArgumentException">java.lang.IllegalArgumentException
	at edu.ncsu.csc216.bug_tracker.bug.TrackedBug.setState(TrackedBug.java:187)
	at edu.ncsu.csc216.bug_tracker.bug.TrackedBug.&lt;init&gt;(TrackedBug.java:113)
	at edu.ncsu.csc216.bug_tracker.tracker.BugTrackerModelTest.testExecuteCommand(BugTrackerModelTest.java:131)
</error>
  </testcase>
  <testcase classname="edu.ncsu.csc216.bug_tracker.tracker.BugTrackerModelTest" name="testGetBugById" time="0.036">
    <failure message="expected:&lt;rep[k]orter&gt; but was:&lt;rep[]orter&gt;" type="junit.framework.AssertionFailedError">junit.framework.AssertionFailedError: expected:&lt;rep[k]orter&gt; but was:&lt;rep[]orter&gt;
	at edu.ncsu.csc216.bug_tracker.tracker.BugTrackerModelTest.testGetBugById(BugTrackerModelTest.java:111)
</failure>
  </testcase>
  <testcase classname="edu.ncsu.csc216.bug_tracker.tracker.BugTrackerModelTest" name="testGetBugListAsArray" time="0.062" />
  <testcase classname="edu.ncsu.csc216.bug_tracker.tracker.BugTrackerModelTest" name="testLoadBugsFromFile" time="0.06">
    <failure message="expected:&lt;re[l]porter&gt; but was:&lt;re[]porter&gt;" type="junit.framework.AssertionFailedError">junit.framework.AssertionFailedError: expected:&lt;re[l]porter&gt; but was:&lt;re[]porter&gt;
	at edu.ncsu.csc216.bug_tracker.tracker.BugTrackerModelTest.testLoadBugsFromFile(BugTrackerModelTest.java:54)
</failure>
  </testcase>
  <testcase classname="edu.ncsu.csc216.bug_tracker.tracker.BugTrackerModelTest" name="testAddBugToList" time="0.0">
    <failure message="expected:&lt;Unco[a]nfirmed&gt; but was:&lt;Unco[]nfirmed&gt;" type="junit.framework.AssertionFailedError">junit.framework.AssertionFailedError: expected:&lt;Unco[a]nfirmed&gt; but was:&lt;Unco[]nfirmed&gt;
	at edu.ncsu.csc216.bug_tracker.tracker.BugTrackerModelTest.testAddBugToList(BugTrackerModelTest.java:170)
</failure>
  </testcase>
  <testcase classname="edu.ncsu.csc216.bug_tracker.tracker.BugTrackerModelTest" name="testGetBugListByOwnerAsArray" time="0.052">
    <failure message="expected:&lt;Ass[k]igned&gt; but was:&lt;Ass[]igned&gt;" type="junit.framework.AssertionFailedError">junit.framework.AssertionFailedError: expected:&lt;Ass[k]igned&gt; but was:&lt;Ass[]igned&gt;
	at edu.ncsu.csc216.bug_tracker.tracker.BugTrackerModelTest.testGetBugListByOwnerAsArray(BugTrackerModelTest.java:91)
</failure>
  </testcase>
  <testcase classname="edu.ncsu.csc216.bug_tracker.tracker.BugTrackerModelTest" name="testDeleteBugById" time="0.0" />
  <system-out><![CDATA[]]></system-out>
  <system-err><![CDATA[]]></system-err>
</testsuite>
